[1m============================= test session starts ==============================[0m
platform linux -- Python 3.13.14, pytest-9.1.1, pluggy-1.6.0 -- /usr/bin/python3
cachedir: .pytest_cache
hypothesis profile 'default'
rootdir: /home/kom/proj/ai_pr/graphviz-pr1-cleanup-20260719
configfile: pytest.ini
plugins: pytest_freezer-0.4.9, cov-7.1.0, asyncio-1.3.0, aiohttp-1.1.0, github-actions-annotate-failures-0.4.0, syrupy-5.1.0, respx-0.23.1, requests-mock-1.12.1, xdist-3.8.0, socket-0.7.0, sugar-1.1.1, timeout-2.4.0, picked-0.5.1, anyio-4.10.0, unordered-0.7.0, typeguard-4.4.4, hypothesis-6.152.4
asyncio: mode=Mode.STRICT, debug=False, asyncio_default_fixture_loop_scope=None, asyncio_default_test_loop_scope=function
[1mcollecting ... [0mcollected 2756 items / 2748 deselected / 8 selected

tests/test_regression.py::test_concentrate_metamorphic_edge_permutation_invariance [32mPASSED[0m[32m [ 12%][0m
tests/test_regression.py::test_concentrate_metamorphic_duplicate_pressure_monotonicity [32mPASSED[0m[32m [ 25%][0m
tests/test_regression.py::test_concentrate_metamorphic_exact_duplicates_add_no_visual_lanes [32mPASSED[0m[32m [ 37%][0m
tests/test_regression.py::test_concentrate_metamorphic_rankdir_mirror_symmetry [32mPASSED[0m[32m [ 50%][0m
tests/test_regression.py::test_concentrate_metamorphic_invisible_degree2_node_insertion_stability [32mPASSED[0m[32m [ 62%][0m
tests/test_regression.py::test_concentrate_metamorphic_no_worse_than_baseline_primary_metric [32mPASSED[0m[32m [ 75%][0m
tests/test_regression.py::test_concentrate_metamorphic_layout_determinism [32mPASSED[0m[32m [ 87%][0m
tests/test_regression.py::test_concentrate_oracle_trace_developer_mode [32mPASSED[0m[32m [100%][0m

[32m====================== [32m[1m8 passed[0m, [33m2748 deselected[0m[32m in 0.65s[0m[32m ======================[0m
